<?xml version="1.0" encoding="utf-8" standalone="no"?>
<!--This file represents the results of running a test suite-->
<test-results name="C:\Users\Mark\Documents\GitHub\CSharp\Sierra-Guidebook\DB-Location-XReferencer\DB-Location-XReferences.Tests\bin\Debug\DB_Location_XReferences.Tests.dll" total="7" errors="0" failures="0" not-run="0" inconclusive="0" ignored="0" skipped="0" invalid="0" date="2018-05-11" time="21:22:02">
  <environment nunit-version="2.6.4.14350" clr-version="2.0.50727.8762" os-version="Microsoft Windows NT 6.1.7601 Service Pack 1" platform="Win32NT" cwd="C:\Users\Mark\Documents\GitHub\CSharp\Sierra-Guidebook" machine-name="MARK7-DT" user="Mark" user-domain="Mark7-dt" />
  <culture-info current-culture="en-US" current-uiculture="en-US" />
  <test-suite type="Assembly" name="C:\Users\Mark\Documents\GitHub\CSharp\Sierra-Guidebook\DB-Location-XReferencer\DB-Location-XReferences.Tests\bin\Debug\DB_Location_XReferences.Tests.dll" executed="True" result="Success" success="True" time="0.679" asserts="0">
    <results>
      <test-suite type="Namespace" name="DB_Location_XReferences" executed="True" result="Success" success="True" time="0.670" asserts="0">
        <results>
          <test-suite type="Namespace" name="Tests" executed="True" result="Success" success="True" time="0.669" asserts="0">
            <results>
              <test-suite type="TestFixture" name="ExtentsTests" executed="True" result="Success" success="True" time="0.668" asserts="0">
                <results>
                  <test-case name="DB_Location_XReferences.Tests.ExtentsTests.Add_Beyond_Max_Limits_To_Max" executed="True" result="Success" success="True" time="0.579" asserts="20" />
                  <test-case name="DB_Location_XReferences.Tests.ExtentsTests.Add_Extents" executed="True" result="Success" success="True" time="0.004" asserts="20" />
                  <test-case name="DB_Location_XReferences.Tests.ExtentsTests.Add_IEnumerable" executed="True" result="Success" success="True" time="0.001" asserts="8" />
                  <test-case name="DB_Location_XReferences.Tests.ExtentsTests.Add_Points" executed="True" result="Success" success="True" time="0.005" asserts="44" />
                  <test-case name="DB_Location_XReferences.Tests.ExtentsTests.GetExtents_Returns_New_Extents" executed="True" result="Success" success="True" time="0.001" asserts="4" />
                  <test-case name="DB_Location_XReferences.Tests.ExtentsTests.IsWithinExtents_Not_Within_Extents_Returns_False" executed="True" result="Success" success="True" time="0.003" asserts="3" />
                  <test-case name="DB_Location_XReferences.Tests.ExtentsTests.IsWithinExtents_Within_Extents_Returns_True" executed="True" result="Success" success="True" time="0.001" asserts="1" />
                </results>
              </test-suite>
            </results>
          </test-suite>
        </results>
      </test-suite>
    </results>
  </test-suite>
</test-results>